### ISSUE TITLE
SIGSEGV setting external style to chm file

### ISSUE THREAD

**Issue by thotypous** [koreader/koreader#479]
Found a chm file which opens correctly, but when I try to set the `chm.css` style from the menu, the following SIGSEGV happens:

```
Program received signal SIGSEGV, Segmentation fault.
ldomDataStorageManager::getStyleData (this=0x211c, elemDataIndex=13635, dst=0xbea4b60c) at /data/paulo/repos/koreader-dbg/koreader-base/kpvcrlib/crengine/crengine/src/lvtinydom.cpp:2096
2096            _chunks.add( new ldomTextStorageChunk(STYLE_DATA_CHUNK_SIZE, this, _chunks.length()) );
(gdb) bt
#0  ldomDataStorageManager::getStyleData (this=0x211c, elemDataIndex=13635, dst=0xbea4b60c) at /data/paulo/repos/koreader-dbg/koreader-base/kpvcrlib/crengine/crengine/src/lvtinydom.cpp:2096
#1  0x41bf56c8 in tinyNodeCollection::getNodeStyle (this=0x0, dataIndex=<optimized out>) at /data/paulo/repos/koreader-dbg/koreader-base/kpvcrlib/crengine/crengine/src/lvtinydom.cpp:1638
#2  0x41bf577c in ldomNode::getStyle (this=this@entry=0x3a5d60) at /data/paulo/repos/koreader-dbg/koreader-base/kpvcrlib/crengine/crengine/src/lvtinydom.cpp:10333
#3  0x41c9b640 in setNodeStyle (enode=enode@entry=0x3a5d60, parent_style=..., parent_font=...) at /data/paulo/repos/koreader-dbg/koreader-base/kpvcrlib/crengine/crengine/src/lvrend.cpp:1987
#4  0x41bfffc4 in ldomNode::initNodeStyle (this=this@entry=0x3a5d60) at /data/paulo/repos/koreader-dbg/koreader-base/kpvcrlib/crengine/crengine/src/lvtinydom.cpp:10445
#5  0x41c020e4 in ldomNode::autoboxChildren (this=this@entry=0x412b60, startIndex=5, endIndex=5) at /data/paulo/repos/koreader-dbg/koreader-base/kpvcrlib/crengine/crengine/src/lvtinydom.cpp:3811
#6  0x41c02328 in ldomNode::initNodeRendMethod (this=0x412b60) at /data/paulo/repos/koreader-dbg/koreader-base/kpvcrlib/crengine/crengine/src/lvtinydom.cpp:4060
#7  0x41beffc4 in ldomNode::recurseElementsDeepFirst (this=0x412b18, pFun=0x41c0351c <updateRendMethod(ldomNode*)>) at /data/paulo/repos/koreader-dbg/koreader-base/kpvcrlib/crengine/crengine/src/lvtinydom.cpp:10095
#8  0x41beffc4 in ldomNode::recurseElementsDeepFirst (this=0x412ae0, pFun=0x41c0351c <updateRendMethod(ldomNode*)>) at /data/paulo/repos/koreader-dbg/koreader-base/kpvcrlib/crengine/crengine/src/lvtinydom.cpp:10095
#9  0x41beffc4 in ldomNode::recurseElementsDeepFirst (this=0x412ad8, pFun=0x41c0351c <updateRendMethod(ldomNode*)>) at /data/paulo/repos/koreader-dbg/koreader-base/kpvcrlib/crengine/crengine/src/lvtinydom.cpp:10095
#10 0x41beffc4 in ldomNode::recurseElementsDeepFirst (this=0x37c660, pFun=0x41c0351c <updateRendMethod(ldomNode*)>) at /data/paulo/repos/koreader-dbg/koreader-base/kpvcrlib/crengine/crengine/src/lvtinydom.cpp:10095
#11 0x41beffc4 in ldomNode::recurseElementsDeepFirst (this=0x37c658, pFun=0x41c0351c <updateRendMethod(ldomNode*)>) at /data/paulo/repos/koreader-dbg/koreader-base/kpvcrlib/crengine/crengine/src/lvtinydom.cpp:10095
#12 0x41beffec in ldomNode::initNodeRendMethodRecursive (this=<optimized out>) at /data/paulo/repos/koreader-dbg/koreader-base/kpvcrlib/crengine/crengine/src/lvtinydom.cpp:10110
#13 0x41c03cc4 in ldomDocument::render (this=0x37f328, pages=0x33de00, callback=0x0, width=734, dy=953, showCover=false, y0=0, def_font=..., def_interline_space=100, props=...)
    at /data/paulo/repos/koreader-dbg/koreader-base/kpvcrlib/crengine/crengine/src/lvtinydom.cpp:3337
#14 0x41c7d6b4 in LVDocView::Render (this=this@entry=0x33dd90, dx=734, dx@entry=0, dy=953, dy@entry=0, pages=0x33de00, pages@entry=0x0)
    at /data/paulo/repos/koreader-dbg/koreader-base/kpvcrlib/crengine/crengine/src/lvdocview.cpp:2442
#15 0x41c7d888 in LVDocView::checkRender (this=0x33dd90) at /data/paulo/repos/koreader-dbg/koreader-base/kpvcrlib/crengine/crengine/src/lvdocview.cpp:535
#16 0x41c7f628 in LVDocView::goToPage (this=0x33dd90, page=2, updatePosBookmark=<optimized out>) at /data/paulo/repos/koreader-dbg/koreader-base/kpvcrlib/crengine/crengine/src/lvdocview.cpp:1950
#17 0x41b13314 in gotoPage (L=0x401b81c0) at cre.cpp:658
#18 0x00042efc in lj_BC_FUNCC () at lj_vm.s:875
#19 0x0001d888 in lua_call (L=0x401b81c0, nargs=0, nresults=-1) at lj_api.c:1034
#20 0x000a6be0 in lj_cf_dofile (L=0x401b81c0) at lib_base.c:435
#21 0x00042efc in lj_BC_FUNCC () at lj_vm.s:875
#22 0x0001da14 in lua_pcall (L=0x401b81c0, nargs=3, nresults=-1, errfunc=2) at lj_api.c:1052
#23 0x0000b310 in docall (L=0x401b81c0, narg=3, clear=0) at luajit.c:122
#24 0x0000bd24 in handle_script (L=0x401b81c0, argv=0xbea4bc94, n=1) at luajit.c:289
#25 0x0000cb14 in pmain (L=0x401b81c0) at luajit.c:538
#26 0x00042efc in lj_BC_FUNCC () at lj_vm.s:875
#27 0x0001dc90 in lua_cpcall (L=0x401b81c0, func=0xc960 <pmain>, ud=0x0) at lj_api.c:1074
#28 0x0000cc3c in main (argc=5, argv=0xbea4bc94) at luajit.c:566

Dump of assembler code for function ldomDataStorageManager::getStyleData(unsigned int, ldomNodeStyleInfo*):
   0x41bf552c <+0>: push    {r4, r5, r6, r7, r8, r9, r10, r11, lr}
   0x41bf5530 <+4>: lsr r8, r1, #4
=> 0x41bf5534 <+8>: ldr r10, [r0, #12]
   0x41bf5538 <+12>:    asr r7, r8, #12
   0x41bf553c <+16>:    cmp r7, r10
   0x41bf5540 <+20>:    sub sp, sp, #4
   0x41bf5544 <+24>:    mov r4, r0
   0x41bf5548 <+28>:    mov r9, r2
   0x41bf554c <+32>:    movge   r6, #0

(gdb) p/x $r10
$1 = 0xbea4b648
(gdb) p/x $r0
$2 = 0x211c
(gdb) print &_chunks
$3 = (LVPtrVector<ldomTextStorageChunk, true> *) 0x2120
```

Still need to see if it can be reproduced in emulator or with other chm files.
